<?xml version="1.0" encoding="UTF-8"?>
<testsuite name="NotificationManagerTest" tests="1" skipped="0" failures="0" errors="0" timestamp="2025-02-02T15:18:55" hostname="DESKTOP-2F9TN2V" time="0.934">
  <properties/>
  <testcase name="sendSaleNotificationsOut_withListOfTasks_callsRunOnEach()" classname="NotificationManagerTest" time="0.934"/>
  <system-out><![CDATA[]]></system-out>
  <system-err><![CDATA[]]></system-err>
</testsuite>
